<?xml version="1.0" encoding="UTF-8"?>
<!-- Generated by org.testng.reporters.JUnitReportReporter -->
<testsuite skipped="0" hostname="DESKTOP-HGE39OB" name="testngPackage.firstTestngTest3" tests="10" failures="0" timestamp="2019-11-24T06:22:57 IST" time="0.119" errors="0">
  <testcase name="TestCase2" time="0.013" classname="testngPackage.firstTestngTest3"/>
  <testcase name="TestCase26" time="0.011" classname="testngPackage.firstTestngTest3"/>
  <testcase name="TestCase25" time="0.022" classname="testngPackage.firstTestngTest3"/>
  <testcase name="TestCase1" time="0.011" classname="testngPackage.firstTestngTest3"/>
  <testcase name="TestCase24" time="0.008" classname="testngPackage.firstTestngTest3"/>
  <testcase name="TestCase23" time="0.021" classname="testngPackage.firstTestngTest3"/>
  <testcase name="TestCase21" time="0.016" classname="testngPackage.firstTestngTest3"/>
  <testcase name="TestCase22" time="0.004" classname="testngPackage.firstTestngTest3"/>
  <testcase name="TestCase4" time="0.005" classname="testngPackage.firstTestngTest3"/>
  <testcase name="TestCase3" time="0.008" classname="testngPackage.firstTestngTest3"/>
</testsuite> <!-- testngPackage.firstTestngTest3 -->
