<?xml version="1.0" encoding="UTF-8"?>
<!-- Generated by org.testng.reporters.JUnitReportReporter -->
<testsuite skipped="0" hostname="DESKTOP-HGE39OB" name="testngPackage.testngParameterize" tests="2" failures="0" timestamp="2019-11-24T06:59:09 IST" time="22.946" errors="0">
  <testcase name="TestCase1" time="10.792" classname="testngPackage.testngParameterize"/>
  <testcase name="TestCase1" time="12.154" classname="testngPackage.testngParameterize"/>
</testsuite> <!-- testngPackage.testngParameterize -->
