<?xml version="1.0" encoding="UTF-8"?>
<!-- Generated by org.testng.reporters.JUnitReportReporter -->
<testsuite skipped="0" hostname="DESKTOP-HGE39OB" name="testngPackage.testng1Class" tests="1" failures="0" timestamp="2019-11-25T07:50:48 IST" time="1.033" errors="0">
  <testcase name="TestCase1" time="1.033" classname="testngPackage.testng1Class"/>
</testsuite> <!-- testngPackage.testng1Class -->
