<?xml version="1.0" encoding="UTF-8"?>
<!-- Generated by org.testng.reporters.JUnitReportReporter -->
<testsuite skipped="0" hostname="DESKTOP-HGE39OB" name="testngPackage.testng2Class" tests="1" failures="0" timestamp="2019-11-25T07:58:16 IST" time="1.013" errors="0">
  <testcase name="TestCase1" time="1.013" classname="testngPackage.testng2Class"/>
</testsuite> <!-- testngPackage.testng2Class -->
