<?xml version="1.0" encoding="UTF-8"?>
<!-- Generated by org.testng.reporters.JUnitReportReporter -->
<testsuite skipped="0" hostname="DESKTOP-HGE39OB" name="testngPackage.firstTestngTest" tests="3" failures="0" timestamp="2019-11-25T07:36:59 IST" time="25.122" errors="0">
  <testcase name="TestCase1" time="8.147" classname="testngPackage.firstTestngTest"/>
  <testcase name="TestCase3" time="8.533" classname="testngPackage.firstTestngTest"/>
  <testcase name="TestCase4" time="8.442" classname="testngPackage.firstTestngTest"/>
</testsuite> <!-- testngPackage.firstTestngTest -->
