<?xml version="1.0" encoding="UTF-8"?>
<!-- Generated by org.testng.reporters.JUnitReportReporter -->
<testsuite skipped="0" hostname="DESKTOP-HGE39OB" name="testngPackage.dataProviderTest" tests="4" failures="0" timestamp="2019-11-25T07:36:59 IST" time="48.447" errors="0">
  <testcase name="DataDrivenTestCase" time="12.241" classname="testngPackage.dataProviderTest"/>
  <testcase name="DataDrivenTestCase" time="11.334" classname="testngPackage.dataProviderTest"/>
  <testcase name="DataDrivenTestCase" time="12.235" classname="testngPackage.dataProviderTest"/>
  <testcase name="DataDrivenTestCase" time="12.637" classname="testngPackage.dataProviderTest"/>
</testsuite> <!-- testngPackage.dataProviderTest -->
